<?xml version="1.0" encoding="UTF-8"?>
<testng-results ignored="0" total="1" passed="1" failed="0" skipped="0">
  <reporter-output>
  </reporter-output>
  <suite started-at="2022-10-21T09:42:32 PDT" name="Default suite" finished-at="2022-10-21T09:42:37 PDT" duration-ms="5685">
    <groups>
    </groups>
    <test started-at="2022-10-21T09:42:32 PDT" name="Default test" finished-at="2022-10-21T09:42:37 PDT" duration-ms="5685">
      <class name="com.test.tests.RestApi_assignment">
        <test-method signature="test_01()[pri:0, instance:com.test.tests.RestApi_assignment@41fbdac4]" started-at="2022-10-21T09:42:32 PDT" name="test_01" finished-at="2022-10-21T09:42:37 PDT" duration-ms="5604" status="PASS">
          <reporter-output>
          </reporter-output>
        </test-method> <!-- test_01 -->
      </class> <!-- com.test.tests.RestApi_assignment -->
    </test> <!-- Default test -->
  </suite> <!-- Default suite -->
</testng-results>
